<?xml version="1.0" encoding="UTF-8"?>
<!-- Generated by org.testng.reporters.JUnitXMLReporter -->
<testsuite ignored="0" hostname="DESKTOP-GD410S4" failures="0" tests="3" name="Test1" time="41.608" errors="0" timestamp="2022-03-30T09:14:43 CEST">
  <testcase classname="webPageTest.ReservationTest" name="reserveTest" time="4.666"/>
  <testcase classname="webPageTest.MenuTest" name="menuTest" time="28.335"/>
  <testcase classname="webPageTest.QuestionaireTest" name="questionaireTest" time="8.565"/>
</testsuite> <!-- Test1 -->
