<?xml version="1.0" encoding="UTF-8"?>
<!-- Generated by org.testng.reporters.JUnitXMLReporter -->
<testsuite ignored="0" hostname="DESKTOP-GD410S4" failures="0" tests="3" name="Test1" time="24.774" errors="0" timestamp="2022-02-01T09:24:21 CET">
  <testcase classname="webPageTest.ReservationTest" name="reserveTest" time="1.382"/>
  <testcase classname="webPageTest.MenuTest" name="menuTest" time="19.646"/>
  <testcase classname="webPageTest.QuestionaireTest" name="questionaireTest" time="3.706"/>
</testsuite> <!-- Test1 -->
