<?xml version="1.0" encoding="UTF-8"?>
<testng-results ignored="0" total="3" passed="3" failed="0" skipped="0">
  <reporter-output>
  </reporter-output>
  <suite started-at="2022-02-01T09:23:56 CET" name="Suite" finished-at="2022-02-01T09:24:21 CET" duration-ms="24774">
    <groups>
    </groups>
    <test started-at="2022-02-01T09:23:56 CET" name="Test1" finished-at="2022-02-01T09:24:21 CET" duration-ms="24774">
      <class name="webPageTest.MenuTest">
        <test-method signature="menuTest()[pri:0, instance:webPageTest.MenuTest@394a2528]" started-at="2022-02-01T09:23:57 CET" name="menuTest" finished-at="2022-02-01T09:24:17 CET" duration-ms="19646" status="PASS">
          <reporter-output>
          </reporter-output>
        </test-method> <!-- menuTest -->
      </class> <!-- webPageTest.MenuTest -->
      <class name="webPageTest.QuestionaireTest">
        <test-method signature="questionaireTest()[pri:0, instance:webPageTest.QuestionaireTest@6236eb5f]" started-at="2022-02-01T09:24:17 CET" name="questionaireTest" finished-at="2022-02-01T09:24:21 CET" duration-ms="3706" status="PASS">
          <reporter-output>
          </reporter-output>
        </test-method> <!-- questionaireTest -->
      </class> <!-- webPageTest.QuestionaireTest -->
      <class name="webPageTest.ReservationTest">
        <test-method is-config="true" signature="createDriver()[pri:0, instance:webPageTest.ReservationTest@11fc564b]" started-at="2022-02-01T09:23:54 CET" name="createDriver" finished-at="2022-02-01T09:23:56 CET" duration-ms="2136" status="PASS">
          <reporter-output>
          </reporter-output>
        </test-method> <!-- createDriver -->
        <test-method signature="reserveTest()[pri:0, instance:webPageTest.ReservationTest@11fc564b]" started-at="2022-02-01T09:23:56 CET" name="reserveTest" finished-at="2022-02-01T09:23:57 CET" duration-ms="1382" status="PASS">
          <reporter-output>
          </reporter-output>
        </test-method> <!-- reserveTest -->
        <test-method is-config="true" signature="TestQuit()[pri:0, instance:webPageTest.ReservationTest@11fc564b]" started-at="2022-02-01T09:24:21 CET" name="TestQuit" finished-at="2022-02-01T09:24:21 CET" duration-ms="82" status="PASS">
          <reporter-output>
          </reporter-output>
        </test-method> <!-- TestQuit -->
      </class> <!-- webPageTest.ReservationTest -->
    </test> <!-- Test1 -->
  </suite> <!-- Suite -->
</testng-results>
